#
# There is insufficient memory for the Java Runtime Environment to continue.
# Native memory allocation (malloc) failed to allocate 32744 bytes for ChunkPool::allocate
# Possible reasons:
#   The system is out of physical RAM or swap space
#   The process is running with CompressedOops enabled, and the Java Heap may be blocking the growth of the native heap
# Possible solutions:
#   Reduce memory load on the system
#   Increase physical memory or swap space
#   Check if swap backing store is full
#   Decrease Java heap size (-Xmx/-Xms)
#   Decrease number of Java threads
#   Decrease Java thread stack sizes (-Xss)
#   Set larger code cache with -XX:ReservedCodeCacheSize=
#   JVM is running with Zero Based Compressed Oops mode in which the Java heap is
#     placed in the first 32GB address space. The Java Heap base address is the
#     maximum limit for the native heap growth. Please use -XX:HeapBaseMinAddress
#     to set the Java Heap base and to place the Java Heap above 32GB virtual address.
# This output file may be truncated or incomplete.
#
#  Out of Memory Error (t:/workspace/open/src/hotspot/share/memory/arena.cpp:81), pid=15444, tid=22332
#
# JRE version: Java(TM) SE Runtime Environment (12.0.2+10) (build 12.0.2+10)
# Java VM: Java HotSpot(TM) 64-Bit Server VM (12.0.2+10, mixed mode, sharing, tiered, compressed oops, g1 gc, windows-amd64)
# No core dump will be written. Minidumps are not enabled by default on client versions of Windows
#

---------------  S U M M A R Y ------------

Command Line: -ea -Dfile.encoding=Cp1252 org.testng.remote.RemoteTestNG -serport 56153 -protocol json -d C:\JavaSE\Materials\TestNG\test-output C:\Users\KRISHN~1\AppData\Local\Temp\testng-eclipse-77852357\testng-customsuite.xml

Host: Intel(R) Core(TM) i5-7440HQ CPU @ 2.80GHz, 4 cores, 15G,  Windows 10 , 64 bit Build 17763 (10.0.17763.475)
Time: Sat Dec 28 17:39:18 2019 Eastern Standard Time elapsed time: 12 seconds (0d 0h 0m 12s)

---------------  T H R E A D  ---------------

Current thread (0x00000221ee225000):  JavaThread "main" [_thread_in_vm, id=22332, stack(0x0000006c1dd00000,0x0000006c1de00000)]

Stack: [0x0000006c1dd00000,0x0000006c1de00000]
Native frames: (J=compiled Java code, j=interpreted, Vv=VM code, C=native code)
V  [jvm.dll+0x63aa2a]
V  [jvm.dll+0x78ce1e]
V  [jvm.dll+0x78e4c1]
V  [jvm.dll+0x78eb13]
V  [jvm.dll+0x2627e8]
V  [jvm.dll+0xc57f6]
V  [jvm.dll+0xc5b4c]
V  [jvm.dll+0xbe19d]
V  [jvm.dll+0x5fdde1]
V  [jvm.dll+0x716951]
V  [jvm.dll+0x25dd96]
V  [jvm.dll+0x1222a7]
V  [jvm.dll+0x25d575]
V  [jvm.dll+0x53876b]
V  [jvm.dll+0x5384e8]
V  [jvm.dll+0x397e6a]
C  0x000002218001f4af

Java frames: (J=compiled Java code, j=interpreted, Vv=VM code)
j  java.util.stream.IntPipeline.boxed()Ljava/util/stream/Stream;+1 java.base@12.0.2
j  org.testng.internal.collections.Ints.asList([I)Ljava/util/List;+4
j  org.testng.internal.annotations.JDK15TagFactory.createDataProviderTag(Ljava/lang/reflect/Method;Ljava/lang/annotation/Annotation;)Lorg/testng/annotations/IAnnotation;+68
j  org.testng.internal.annotations.JDK15TagFactory.createTag(Ljava/lang/Class;Ljava/lang/reflect/Method;Ljava/lang/annotation/Annotation;Ljava/lang/Class;)Lorg/testng/annotations/IAnnotation;+17
J 1062 c1 org.testng.internal.annotations.JDK15AnnotationFinder.findAnnotation(Ljava/lang/Class;Ljava/lang/annotation/Annotation;Ljava/lang/Class;Ljava/lang/Class;Ljava/lang/reflect/Constructor;Ljava/lang/reflect/Method;Lorg/testng/internal/collections/Pair;Ljava/lang/Class;)Lorg/testng/annotations/IAnnotation; (102 bytes) @ 0x0000022180798a14 [0x00000221807986c0+0x0000000000000354]
J 1063 c1 org.testng.internal.annotations.JDK15AnnotationFinder.findAnnotation(Ljava/lang/Class;Ljava/lang/reflect/Method;Ljava/lang/Class;)Lorg/testng/annotations/IAnnotation; (86 bytes) @ 0x0000022180799dc4 [0x00000221807992a0+0x0000000000000b24]
J 1067 c1 org.testng.internal.annotations.JDK15AnnotationFinder.findAnnotation(Ljava/lang/reflect/Method;Ljava/lang/Class;)Lorg/testng/annotations/IAnnotation; (8 bytes) @ 0x000002218079aa8c [0x000002218079a9e0+0x00000000000000ac]
j  org.testng.internal.Parameters.findDataProvider(Ljava/lang/Object;Lorg/testng/ITestClass;Lorg/testng/internal/annotations/IAnnotationFinder;Ljava/lang/String;Ljava/lang/Class;Lorg/testng/ITestContext;)Lorg/testng/IDataProviderMethod;+65
j  org.testng.internal.Parameters.findDataProvider(Ljava/lang/Object;Lorg/testng/ITestClass;Lorg/testng/internal/ConstructorOrMethod;Lorg/testng/internal/annotations/IAnnotationFinder;Lorg/testng/ITestContext;)Lorg/testng/IDataProviderMethod;+51
j  org.testng.internal.Parameters.handleParameters(Lorg/testng/ITestNGMethod;Ljava/util/Map;Ljava/lang/Object;Lorg/testng/internal/Parameters$MethodParameters;Lorg/testng/xml/XmlSuite;Lorg/testng/internal/annotations/IAnnotationFinder;Ljava/lang/Object;Ljava/util/Collection;Ljava/lang/String;)Lorg/testng/internal/ParameterHolder;+19
j  org.testng.internal.Parameters.handleParameters(Lorg/testng/ITestNGMethod;Ljava/util/Map;Ljava/lang/Object;Lorg/testng/internal/Parameters$MethodParameters;Lorg/testng/xml/XmlSuite;Lorg/testng/internal/annotations/IAnnotationFinder;Ljava/lang/Object;Ljava/util/Collection;)Lorg/testng/internal/ParameterHolder;+14
j  org.testng.internal.ParameterHandler.handleParameters(Lorg/testng/ITestNGMethod;Ljava/lang/Object;Ljava/util/Map;Ljava/util/Map;Lorg/testng/ITestContext;Ljava/lang/Object;)Lorg/testng/internal/ParameterHandler$ParameterBag;+39
j  org.testng.internal.ParameterHandler.createParameters(Lorg/testng/ITestNGMethod;Ljava/util/Map;Ljava/util/Map;Lorg/testng/ITestContext;Ljava/lang/Object;)Lorg/testng/internal/ParameterHandler$ParameterBag;+14
j  org.testng.internal.TestInvoker$MethodInvocationAgent.invoke(I)I+70
j  org.testng.internal.TestInvoker.invokeTestMethods(Lorg/testng/ITestNGMethod;Lorg/testng/internal/ConfigurationGroupMethods;Ljava/lang/Object;Lorg/testng/ITestContext;)Ljava/util/List;+409
j  org.testng.internal.TestMethodWorker.invokeTestMethods(Lorg/testng/ITestNGMethod;Ljava/lang/Object;)V+14
j  org.testng.internal.TestMethodWorker.run()V+127
j  org.testng.TestRunner$$Lambda$89.accept(Ljava/lang/Object;)V+7
j  java.util.ArrayList.forEach(Ljava/util/function/Consumer;)V+46 java.base@12.0.2
j  org.testng.TestRunner.privateRun(Lorg/testng/xml/XmlTest;)V+356
j  org.testng.TestRunner.run()V+25
j  org.testng.SuiteRunner.runTest(Lorg/testng/TestRunner;)V+21
j  org.testng.SuiteRunner.runSequentially()V+31
j  org.testng.SuiteRunner.privateRun()V+296
j  org.testng.SuiteRunner.run()V+6
j  org.testng.SuiteRunnerWorker.runSuite(Lorg/testng/internal/SuiteRunnerMap;Lorg/testng/xml/XmlSuite;)V+87
j  org.testng.SuiteRunnerWorker.run()V+12
j  org.testng.TestNG.runSuitesSequentially(Lorg/testng/xml/XmlSuite;Lorg/testng/internal/SuiteRunnerMap;ILjava/lang/String;)V+66
j  org.testng.TestNG.runSuitesLocally()Ljava/util/List;+156
j  org.testng.TestNG.runSuites()Ljava/util/List;+1
j  org.testng.TestNG.run()V+25
j  org.testng.remote.AbstractRemoteTestNG.run()V+149
j  org.testng.remote.RemoteTestNG.initAndRun(Lorg/testng/remote/IRemoteTestNG;[Ljava/lang/String;Lorg/testng/CommandLineArgs;Lorg/testng/remote/RemoteArgs;)V+184
j  org.testng.remote.RemoteTestNG.main([Ljava/lang/String;)V+201
v  ~StubRoutines::call_stub

---------------  P R O C E S S  ---------------

Threads class SMR info:
_java_thread_list=0x0000022192efb910, length=17, elements={
0x00000221ee225000, 0x00000221912fa800, 0x00000221912fd000, 0x0000022191b9c800,
0x0000022191b9e800, 0x0000022191ba0000, 0x0000022191ba9000, 0x0000022191ba7000,
0x0000022191d15800, 0x0000022191d25000, 0x000002219214d800, 0x0000022192031000,
0x0000022192cd3000, 0x0000022192de0800, 0x0000022192de1000, 0x0000022192cf4800,
0x0000022192cf5800
}

Java Threads: ( => current thread )
=>0x00000221ee225000 JavaThread "main" [_thread_in_vm, id=22332, stack(0x0000006c1dd00000,0x0000006c1de00000)]
  0x00000221912fa800 JavaThread "Reference Handler" daemon [_thread_blocked, id=2940, stack(0x0000006c1e400000,0x0000006c1e500000)]
  0x00000221912fd000 JavaThread "Finalizer" daemon [_thread_blocked, id=8708, stack(0x0000006c1e500000,0x0000006c1e600000)]
  0x0000022191b9c800 JavaThread "Signal Dispatcher" daemon [_thread_blocked, id=23256, stack(0x0000006c1e600000,0x0000006c1e700000)]
  0x0000022191b9e800 JavaThread "Attach Listener" daemon [_thread_blocked, id=10644, stack(0x0000006c1e700000,0x0000006c1e800000)]
  0x0000022191ba0000 JavaThread "C2 CompilerThread0" daemon [_thread_in_native, id=14608, stack(0x0000006c1e800000,0x0000006c1e900000)]
  0x0000022191ba9000 JavaThread "C1 CompilerThread0" daemon [_thread_blocked, id=13912, stack(0x0000006c1e900000,0x0000006c1ea00000)]
  0x0000022191ba7000 JavaThread "Sweeper thread" daemon [_thread_blocked, id=19216, stack(0x0000006c1ea00000,0x0000006c1eb00000)]
  0x0000022191d15800 JavaThread "Service Thread" daemon [_thread_blocked, id=21584, stack(0x0000006c1eb00000,0x0000006c1ec00000)]
  0x0000022191d25000 JavaThread "Common-Cleaner" daemon [_thread_blocked, id=13488, stack(0x0000006c1ed00000,0x0000006c1ee00000)]
  0x000002219214d800 JavaThread "ReaderThread" [_thread_in_native, id=13384, stack(0x0000006c1f000000,0x0000006c1f100000)]
  0x0000022192031000 JavaThread "Exec Default Executor" daemon [_thread_in_native, id=25900, stack(0x0000006c1f500000,0x0000006c1f600000)]
  0x0000022192cd3000 JavaThread "UrlChecker-2" daemon [_thread_blocked, id=26100, stack(0x0000006c1f600000,0x0000006c1f700000)]
  0x0000022192de0800 JavaThread "Exec Stream Pumper" daemon [_thread_in_native, id=28580, stack(0x0000006c1f700000,0x0000006c1f800000)]
  0x0000022192de1000 JavaThread "Exec Stream Pumper" daemon [_thread_in_native, id=7124, stack(0x0000006c1f800000,0x0000006c1f900000)]
  0x0000022192cf4800 JavaThread "OkHttp ConnectionPool" daemon [_thread_blocked, id=15148, stack(0x0000006c1f900000,0x0000006c1fa00000)]
  0x0000022192cf5800 JavaThread "Okio Watchdog" daemon [_thread_blocked, id=12068, stack(0x0000006c1fa00000,0x0000006c1fb00000)]

Other Threads:
  0x00000221912f9000 VMThread "VM Thread" [stack: 0x0000006c1e300000,0x0000006c1e400000] [id=26564]
  0x0000022191d17800 WatcherThread [stack: 0x0000006c1ec00000,0x0000006c1ed00000] [id=20520]
  0x00000221ee28a800 GCTaskThread "GC Thread#0" [stack: 0x0000006c1de00000,0x0000006c1df00000] [id=18900]
  0x00000221927c9000 GCTaskThread "GC Thread#1" [stack: 0x0000006c1ee00000,0x0000006c1ef00000] [id=19028]
  0x000002219234c000 GCTaskThread "GC Thread#2" [stack: 0x0000006c1f100000,0x0000006c1f200000] [id=12896]
  0x0000022192334000 GCTaskThread "GC Thread#3" [stack: 0x0000006c1f200000,0x0000006c1f300000] [id=24732]
  0x00000221ee2a7000 ConcurrentGCThread "G1 Main Marker" [stack: 0x0000006c1df00000,0x0000006c1e000000] [id=28352]
  0x00000221ee2a8800 ConcurrentGCThread "G1 Conc#0" [stack: 0x0000006c1e000000,0x0000006c1e100000] [id=11592]
  0x00000221911ef000 ConcurrentGCThread "G1 Refine#0" [stack: 0x0000006c1e100000,0x0000006c1e200000] [id=16676]
  0x0000022191e77800 ConcurrentGCThread "G1 Refine#1" [stack: 0x0000006c1f300000,0x0000006c1f400000] [id=11556]
  0x00000221911f0000 ConcurrentGCThread "G1 Young RemSet Sampling" [stack: 0x0000006c1e200000,0x0000006c1e300000] [id=9436]

Threads with active compile tasks:
C2 CompilerThread0  1937   !   4       java.net.URL::<init> (543 bytes)

VM state:not at safepoint (normal execution)

VM Mutex/Monitor currently owned by a thread: None

Heap address: 0x0000000701c00000, size: 4068 MB, Compressed Oops mode: Zero based, Oop shift amount: 3
Narrow klass base: 0x0000000800000000, Narrow klass shift: 3
Compressed class space size: 1073741824 Address: 0x0000000801190000

Heap:
 garbage-first heap   total 262144K, used 29476K [0x0000000701c00000, 0x0000000800000000)
  region size 1024K, 26 young (26624K), 2 survivors (2048K)
 Metaspace       used 14677K, capacity 15271K, committed 15360K, reserved 1062912K
  class space    used 1767K, capacity 1997K, committed 2048K, reserved 1048576K
Heap Regions: E=young(eden), S=young(survivor), O=old, HS=humongous(starts), HC=humongous(continues), CS=collection set, F=free, A=archive, TAMS=top-at-mark-start (previous, next)
|   0|0x0000000701c00000, 0x0000000701d00000, 0x0000000701d00000|100%|HS|  |TAMS 0x0000000701c00000, 0x0000000701c00000| Complete 
|   1|0x0000000701d00000, 0x0000000701e00000, 0x0000000701e00000|100%| O|  |TAMS 0x0000000701d00000, 0x0000000701d00000| Untracked 
|   2|0x0000000701e00000, 0x0000000701f00000, 0x0000000701f00000|100%| O|  |TAMS 0x0000000701e00000, 0x0000000701e00000| Untracked 
|   3|0x0000000701f00000, 0x0000000702000000, 0x0000000702000000|100%| O|  |TAMS 0x0000000701f00000, 0x0000000701f00000| Untracked 
|   4|0x0000000702000000, 0x000000070207e800, 0x0000000702100000| 49%| O|  |TAMS 0x0000000702000000, 0x0000000702000000| Untracked 
|   5|0x0000000702100000, 0x0000000702100000, 0x0000000702200000|  0%| F|  |TAMS 0x0000000702100000, 0x0000000702100000| Untracked 
|   6|0x0000000702200000, 0x0000000702200000, 0x0000000702300000|  0%| F|  |TAMS 0x0000000702200000, 0x0000000702200000| Untracked 
|   7|0x0000000702300000, 0x0000000702300000, 0x0000000702400000|  0%| F|  |TAMS 0x0000000702300000, 0x0000000702300000| Untracked 
|   8|0x0000000702400000, 0x0000000702400000, 0x0000000702500000|  0%| F|  |TAMS 0x0000000702400000, 0x0000000702400000| Untracked 
|   9|0x0000000702500000, 0x0000000702500000, 0x0000000702600000|  0%| F|  |TAMS 0x0000000702500000, 0x0000000702500000| Untracked 
|  10|0x0000000702600000, 0x0000000702600000, 0x0000000702700000|  0%| F|  |TAMS 0x0000000702600000, 0x0000000702600000| Untracked 
|  11|0x0000000702700000, 0x0000000702700000, 0x0000000702800000|  0%| F|  |TAMS 0x0000000702700000, 0x0000000702700000| Untracked 
|  12|0x0000000702800000, 0x0000000702800000, 0x0000000702900000|  0%| F|  |TAMS 0x0000000702800000, 0x0000000702800000| Untracked 
|  13|0x0000000702900000, 0x0000000702900000, 0x0000000702a00000|  0%| F|  |TAMS 0x0000000702900000, 0x0000000702900000| Untracked 
|  14|0x0000000702a00000, 0x0000000702a00000, 0x0000000702b00000|  0%| F|  |TAMS 0x0000000702a00000, 0x0000000702a00000| Untracked 
|  15|0x0000000702b00000, 0x0000000702b00000, 0x0000000702c00000|  0%| F|  |TAMS 0x0000000702b00000, 0x0000000702b00000| Untracked 
|  16|0x0000000702c00000, 0x0000000702c00000, 0x0000000702d00000|  0%| F|  |TAMS 0x0000000702c00000, 0x0000000702c00000| Untracked 
|  17|0x0000000702d00000, 0x0000000702d00000, 0x0000000702e00000|  0%| F|  |TAMS 0x0000000702d00000, 0x0000000702d00000| Untracked 
|  18|0x0000000702e00000, 0x0000000702e00000, 0x0000000702f00000|  0%| F|  |TAMS 0x0000000702e00000, 0x0000000702e00000| Untracked 
|  19|0x0000000702f00000, 0x0000000702f00000, 0x0000000703000000|  0%| F|  |TAMS 0x0000000702f00000, 0x0000000702f00000| Untracked 
|  20|0x0000000703000000, 0x0000000703000000, 0x0000000703100000|  0%| F|  |TAMS 0x0000000703000000, 0x0000000703000000| Untracked 
|  21|0x0000000703100000, 0x0000000703100000, 0x0000000703200000|  0%| F|  |TAMS 0x0000000703100000, 0x0000000703100000| Untracked 
|  22|0x0000000703200000, 0x0000000703200000, 0x0000000703300000|  0%| F|  |TAMS 0x0000000703200000, 0x0000000703200000| Untracked 
|  23|0x0000000703300000, 0x0000000703300000, 0x0000000703400000|  0%| F|  |TAMS 0x0000000703300000, 0x0000000703300000| Untracked 
|  24|0x0000000703400000, 0x0000000703400000, 0x0000000703500000|  0%| F|  |TAMS 0x0000000703400000, 0x0000000703400000| Untracked 
|  25|0x0000000703500000, 0x0000000703500000, 0x0000000703600000|  0%| F|  |TAMS 0x0000000703500000, 0x0000000703500000| Untracked 
|  26|0x0000000703600000, 0x0000000703600000, 0x0000000703700000|  0%| F|  |TAMS 0x0000000703600000, 0x0000000703600000| Untracked 
|  27|0x0000000703700000, 0x0000000703700000, 0x0000000703800000|  0%| F|  |TAMS 0x0000000703700000, 0x0000000703700000| Untracked 
|  28|0x0000000703800000, 0x0000000703800000, 0x0000000703900000|  0%| F|  |TAMS 0x0000000703800000, 0x0000000703800000| Untracked 
|  29|0x0000000703900000, 0x0000000703900000, 0x0000000703a00000|  0%| F|  |TAMS 0x0000000703900000, 0x0000000703900000| Untracked 
|  30|0x0000000703a00000, 0x0000000703a00000, 0x0000000703b00000|  0%| F|  |TAMS 0x0000000703a00000, 0x0000000703a00000| Untracked 
|  31|0x0000000703b00000, 0x0000000703b00000, 0x0000000703c00000|  0%| F|  |TAMS 0x0000000703b00000, 0x0000000703b00000| Untracked 
|  32|0x0000000703c00000, 0x0000000703c00000, 0x0000000703d00000|  0%| F|  |TAMS 0x0000000703c00000, 0x0000000703c00000| Untracked 
|  33|0x0000000703d00000, 0x0000000703d00000, 0x0000000703e00000|  0%| F|  |TAMS 0x0000000703d00000, 0x0000000703d00000| Untracked 
|  34|0x0000000703e00000, 0x0000000703e00000, 0x0000000703f00000|  0%| F|  |TAMS 0x0000000703e00000, 0x0000000703e00000| Untracked 
|  35|0x0000000703f00000, 0x0000000703f00000, 0x0000000704000000|  0%| F|  |TAMS 0x0000000703f00000, 0x0000000703f00000| Untracked 
|  36|0x0000000704000000, 0x0000000704000000, 0x0000000704100000|  0%| F|  |TAMS 0x0000000704000000, 0x0000000704000000| Untracked 
|  37|0x0000000704100000, 0x0000000704100000, 0x0000000704200000|  0%| F|  |TAMS 0x0000000704100000, 0x0000000704100000| Untracked 
|  38|0x0000000704200000, 0x0000000704200000, 0x0000000704300000|  0%| F|  |TAMS 0x0000000704200000, 0x0000000704200000| Untracked 
|  39|0x0000000704300000, 0x0000000704300000, 0x0000000704400000|  0%| F|  |TAMS 0x0000000704300000, 0x0000000704300000| Untracked 
|  40|0x0000000704400000, 0x0000000704400000, 0x0000000704500000|  0%| F|  |TAMS 0x0000000704400000, 0x0000000704400000| Untracked 
|  41|0x0000000704500000, 0x0000000704500000, 0x0000000704600000|  0%| F|  |TAMS 0x0000000704500000, 0x0000000704500000| Untracked 
|  42|0x0000000704600000, 0x0000000704600000, 0x0000000704700000|  0%| F|  |TAMS 0x0000000704600000, 0x0000000704600000| Untracked 
|  43|0x0000000704700000, 0x0000000704700000, 0x0000000704800000|  0%| F|  |TAMS 0x0000000704700000, 0x0000000704700000| Untracked 
|  44|0x0000000704800000, 0x0000000704800000, 0x0000000704900000|  0%| F|  |TAMS 0x0000000704800000, 0x0000000704800000| Untracked 
|  45|0x0000000704900000, 0x0000000704900000, 0x0000000704a00000|  0%| F|  |TAMS 0x0000000704900000, 0x0000000704900000| Untracked 
|  46|0x0000000704a00000, 0x0000000704a00000, 0x0000000704b00000|  0%| F|  |TAMS 0x0000000704a00000, 0x0000000704a00000| Untracked 
|  47|0x0000000704b00000, 0x0000000704b00000, 0x0000000704c00000|  0%| F|  |TAMS 0x0000000704b00000, 0x0000000704b00000| Untracked 
|  48|0x0000000704c00000, 0x0000000704c00000, 0x0000000704d00000|  0%| F|  |TAMS 0x0000000704c00000, 0x0000000704c00000| Untracked 
|  49|0x0000000704d00000, 0x0000000704d00000, 0x0000000704e00000|  0%| F|  |TAMS 0x0000000704d00000, 0x0000000704d00000| Untracked 
|  50|0x0000000704e00000, 0x0000000704e00000, 0x0000000704f00000|  0%| F|  |TAMS 0x0000000704e00000, 0x0000000704e00000| Untracked 
|  51|0x0000000704f00000, 0x0000000704f00000, 0x0000000705000000|  0%| F|  |TAMS 0x0000000704f00000, 0x0000000704f00000| Untracked 
|  52|0x0000000705000000, 0x0000000705000000, 0x0000000705100000|  0%| F|  |TAMS 0x0000000705000000, 0x0000000705000000| Untracked 
|  53|0x0000000705100000, 0x0000000705100000, 0x0000000705200000|  0%| F|  |TAMS 0x0000000705100000, 0x0000000705100000| Untracked 
|  54|0x0000000705200000, 0x0000000705200000, 0x0000000705300000|  0%| F|  |TAMS 0x0000000705200000, 0x0000000705200000| Untracked 
|  55|0x0000000705300000, 0x0000000705300000, 0x0000000705400000|  0%| F|  |TAMS 0x0000000705300000, 0x0000000705300000| Untracked 
|  56|0x0000000705400000, 0x0000000705400000, 0x0000000705500000|  0%| F|  |TAMS 0x0000000705400000, 0x0000000705400000| Untracked 
|  57|0x0000000705500000, 0x0000000705500000, 0x0000000705600000|  0%| F|  |TAMS 0x0000000705500000, 0x0000000705500000| Untracked 
|  58|0x0000000705600000, 0x0000000705600000, 0x0000000705700000|  0%| F|  |TAMS 0x0000000705600000, 0x0000000705600000| Untracked 
|  59|0x0000000705700000, 0x0000000705700000, 0x0000000705800000|  0%| F|  |TAMS 0x0000000705700000, 0x0000000705700000| Untracked 
|  60|0x0000000705800000, 0x0000000705800000, 0x0000000705900000|  0%| F|  |TAMS 0x0000000705800000, 0x0000000705800000| Untracked 
|  61|0x0000000705900000, 0x0000000705900000, 0x0000000705a00000|  0%| F|  |TAMS 0x0000000705900000, 0x0000000705900000| Untracked 
|  62|0x0000000705a00000, 0x0000000705a00000, 0x0000000705b00000|  0%| F|  |TAMS 0x0000000705a00000, 0x0000000705a00000| Untracked 
|  63|0x0000000705b00000, 0x0000000705b00000, 0x0000000705c00000|  0%| F|  |TAMS 0x0000000705b00000, 0x0000000705b00000| Untracked 
|  64|0x0000000705c00000, 0x0000000705c00000, 0x0000000705d00000|  0%| F|  |TAMS 0x0000000705c00000, 0x0000000705c00000| Untracked 
|  65|0x0000000705d00000, 0x0000000705d00000, 0x0000000705e00000|  0%| F|  |TAMS 0x0000000705d00000, 0x0000000705d00000| Untracked 
|  66|0x0000000705e00000, 0x0000000705e00000, 0x0000000705f00000|  0%| F|  |TAMS 0x0000000705e00000, 0x0000000705e00000| Untracked 
|  67|0x0000000705f00000, 0x0000000705f00000, 0x0000000706000000|  0%| F|  |TAMS 0x0000000705f00000, 0x0000000705f00000| Untracked 
|  68|0x0000000706000000, 0x0000000706000000, 0x0000000706100000|  0%| F|  |TAMS 0x0000000706000000, 0x0000000706000000| Untracked 
|  69|0x0000000706100000, 0x0000000706100000, 0x0000000706200000|  0%| F|  |TAMS 0x0000000706100000, 0x0000000706100000| Untracked 
|  70|0x0000000706200000, 0x0000000706200000, 0x0000000706300000|  0%| F|  |TAMS 0x0000000706200000, 0x0000000706200000| Untracked 
|  71|0x0000000706300000, 0x0000000706300000, 0x0000000706400000|  0%| F|  |TAMS 0x0000000706300000, 0x0000000706300000| Untracked 
|  72|0x0000000706400000, 0x0000000706400000, 0x0000000706500000|  0%| F|  |TAMS 0x0000000706400000, 0x0000000706400000| Untracked 
|  73|0x0000000706500000, 0x0000000706500000, 0x0000000706600000|  0%| F|  |TAMS 0x0000000706500000, 0x0000000706500000| Untracked 
|  74|0x0000000706600000, 0x0000000706600000, 0x0000000706700000|  0%| F|  |TAMS 0x0000000706600000, 0x0000000706600000| Untracked 
|  75|0x0000000706700000, 0x0000000706700000, 0x0000000706800000|  0%| F|  |TAMS 0x0000000706700000, 0x0000000706700000| Untracked 
|  76|0x0000000706800000, 0x0000000706800000, 0x0000000706900000|  0%| F|  |TAMS 0x0000000706800000, 0x0000000706800000| Untracked 
|  77|0x0000000706900000, 0x0000000706900000, 0x0000000706a00000|  0%| F|  |TAMS 0x0000000706900000, 0x0000000706900000| Untracked 
|  78|0x0000000706a00000, 0x0000000706a00000, 0x0000000706b00000|  0%| F|  |TAMS 0x0000000706a00000, 0x0000000706a00000| Untracked 
|  79|0x0000000706b00000, 0x0000000706b00000, 0x0000000706c00000|  0%| F|  |TAMS 0x0000000706b00000, 0x0000000706b00000| Untracked 
|  80|0x0000000706c00000, 0x0000000706c00000, 0x0000000706d00000|  0%| F|  |TAMS 0x0000000706c00000, 0x0000000706c00000| Untracked 
|  81|0x0000000706d00000, 0x0000000706d00000, 0x0000000706e00000|  0%| F|  |TAMS 0x0000000706d00000, 0x0000000706d00000| Untracked 
|  82|0x0000000706e00000, 0x0000000706e00000, 0x0000000706f00000|  0%| F|  |TAMS 0x0000000706e00000, 0x0000000706e00000| Untracked 
|  83|0x0000000706f00000, 0x0000000706f00000, 0x0000000707000000|  0%| F|  |TAMS 0x0000000706f00000, 0x0000000706f00000| Untracked 
|  84|0x0000000707000000, 0x0000000707000000, 0x0000000707100000|  0%| F|  |TAMS 0x0000000707000000, 0x0000000707000000| Untracked 
|  85|0x0000000707100000, 0x0000000707100000, 0x0000000707200000|  0%| F|  |TAMS 0x0000000707100000, 0x0000000707100000| Untracked 
|  86|0x0000000707200000, 0x0000000707200000, 0x0000000707300000|  0%| F|  |TAMS 0x0000000707200000, 0x0000000707200000| Untracked 
|  87|0x0000000707300000, 0x0000000707300000, 0x0000000707400000|  0%| F|  |TAMS 0x0000000707300000, 0x0000000707300000| Untracked 
|  88|0x0000000707400000, 0x0000000707400000, 0x0000000707500000|  0%| F|  |TAMS 0x0000000707400000, 0x0000000707400000| Untracked 
|  89|0x0000000707500000, 0x0000000707500000, 0x0000000707600000|  0%| F|  |TAMS 0x0000000707500000, 0x0000000707500000| Untracked 
|  90|0x0000000707600000, 0x0000000707600000, 0x0000000707700000|  0%| F|  |TAMS 0x0000000707600000, 0x0000000707600000| Untracked 
|  91|0x0000000707700000, 0x0000000707700000, 0x0000000707800000|  0%| F|  |TAMS 0x0000000707700000, 0x0000000707700000| Untracked 
|  92|0x0000000707800000, 0x0000000707800000, 0x0000000707900000|  0%| F|  |TAMS 0x0000000707800000, 0x0000000707800000| Untracked 
|  93|0x0000000707900000, 0x0000000707900000, 0x0000000707a00000|  0%| F|  |TAMS 0x0000000707900000, 0x0000000707900000| Untracked 
|  94|0x0000000707a00000, 0x0000000707a00000, 0x0000000707b00000|  0%| F|  |TAMS 0x0000000707a00000, 0x0000000707a00000| Untracked 
|  95|0x0000000707b00000, 0x0000000707b00000, 0x0000000707c00000|  0%| F|  |TAMS 0x0000000707b00000, 0x0000000707b00000| Untracked 
|  96|0x0000000707c00000, 0x0000000707c00000, 0x0000000707d00000|  0%| F|  |TAMS 0x0000000707c00000, 0x0000000707c00000| Untracked 
|  97|0x0000000707d00000, 0x0000000707d00000, 0x0000000707e00000|  0%| F|  |TAMS 0x0000000707d00000, 0x0000000707d00000| Untracked 
|  98|0x0000000707e00000, 0x0000000707e00000, 0x0000000707f00000|  0%| F|  |TAMS 0x0000000707e00000, 0x0000000707e00000| Untracked 
|  99|0x0000000707f00000, 0x0000000707f00000, 0x0000000708000000|  0%| F|  |TAMS 0x0000000707f00000, 0x0000000707f00000| Untracked 
| 100|0x0000000708000000, 0x0000000708000000, 0x0000000708100000|  0%| F|  |TAMS 0x0000000708000000, 0x0000000708000000| Untracked 
| 101|0x0000000708100000, 0x0000000708100000, 0x0000000708200000|  0%| F|  |TAMS 0x0000000708100000, 0x0000000708100000| Untracked 
| 102|0x0000000708200000, 0x0000000708200000, 0x0000000708300000|  0%| F|  |TAMS 0x0000000708200000, 0x0000000708200000| Untracked 
| 103|0x0000000708300000, 0x0000000708300000, 0x0000000708400000|  0%| F|  |TAMS 0x0000000708300000, 0x0000000708300000| Untracked 
| 104|0x0000000708400000, 0x0000000708400000, 0x0000000708500000|  0%| F|  |TAMS 0x0000000708400000, 0x0000000708400000| Untracked 
| 105|0x0000000708500000, 0x0000000708500000, 0x0000000708600000|  0%| F|  |TAMS 0x0000000708500000, 0x0000000708500000| Untracked 
| 106|0x0000000708600000, 0x0000000708600000, 0x0000000708700000|  0%| F|  |TAMS 0x0000000708600000, 0x0000000708600000| Untracked 
| 107|0x0000000708700000, 0x0000000708700000, 0x0000000708800000|  0%| F|  |TAMS 0x0000000708700000, 0x0000000708700000| Untracked 
| 108|0x0000000708800000, 0x0000000708800000, 0x0000000708900000|  0%| F|  |TAMS 0x0000000708800000, 0x0000000708800000| Untracked 
| 109|0x0000000708900000, 0x0000000708900000, 0x0000000708a00000|  0%| F|  |TAMS 0x0000000708900000, 0x0000000708900000| Untracked 
| 110|0x0000000708a00000, 0x0000000708a00000, 0x0000000708b00000|  0%| F|  |TAMS 0x0000000708a00000, 0x0000000708a00000| Untracked 
| 111|0x0000000708b00000, 0x0000000708b00000, 0x0000000708c00000|  0%| F|  |TAMS 0x0000000708b00000, 0x0000000708b00000| Untracked 
| 112|0x0000000708c00000, 0x0000000708c00000, 0x0000000708d00000|  0%| F|  |TAMS 0x0000000708c00000, 0x0000000708c00000| Untracked 
| 113|0x0000000708d00000, 0x0000000708d00000, 0x0000000708e00000|  0%| F|  |TAMS 0x0000000708d00000, 0x0000000708d00000| Untracked 
| 114|0x0000000708e00000, 0x0000000708e00000, 0x0000000708f00000|  0%| F|  |TAMS 0x0000000708e00000, 0x0000000708e00000| Untracked 
| 115|0x0000000708f00000, 0x0000000708f00000, 0x0000000709000000|  0%| F|  |TAMS 0x0000000708f00000, 0x0000000708f00000| Untracked 
| 116|0x0000000709000000, 0x0000000709000000, 0x0000000709100000|  0%| F|  |TAMS 0x0000000709000000, 0x0000000709000000| Untracked 
| 117|0x0000000709100000, 0x0000000709100000, 0x0000000709200000|  0%| F|  |TAMS 0x0000000709100000, 0x0000000709100000| Untracked 
| 118|0x0000000709200000, 0x0000000709200000, 0x0000000709300000|  0%| F|  |TAMS 0x0000000709200000, 0x0000000709200000| Untracked 
| 119|0x0000000709300000, 0x0000000709300000, 0x0000000709400000|  0%| F|  |TAMS 0x0000000709300000, 0x0000000709300000| Untracked 
| 120|0x0000000709400000, 0x0000000709400000, 0x0000000709500000|  0%| F|  |TAMS 0x0000000709400000, 0x0000000709400000| Untracked 
| 121|0x0000000709500000, 0x0000000709500000, 0x0000000709600000|  0%| F|  |TAMS 0x0000000709500000, 0x0000000709500000| Untracked 
| 122|0x0000000709600000, 0x0000000709600000, 0x0000000709700000|  0%| F|  |TAMS 0x0000000709600000, 0x0000000709600000| Untracked 
| 123|0x0000000709700000, 0x0000000709700000, 0x0000000709800000|  0%| F|  |TAMS 0x0000000709700000, 0x0000000709700000| Untracked 
| 124|0x0000000709800000, 0x0000000709800000, 0x0000000709900000|  0%| F|  |TAMS 0x0000000709800000, 0x0000000709800000| Untracked 
| 125|0x0000000709900000, 0x0000000709900000, 0x0000000709a00000|  0%| F|  |TAMS 0x0000000709900000, 0x0000000709900000| Untracked 
| 126|0x0000000709a00000, 0x0000000709a00000, 0x0000000709b00000|  0%| F|  |TAMS 0x0000000709a00000, 0x0000000709a00000| Untracked 
| 127|0x0000000709b00000, 0x0000000709b00000, 0x0000000709c00000|  0%| F|  |TAMS 0x0000000709b00000, 0x0000000709b00000| Untracked 
| 128|0x0000000709c00000, 0x0000000709c00000, 0x0000000709d00000|  0%| F|  |TAMS 0x0000000709c00000, 0x0000000709c00000| Untracked 
| 129|0x0000000709d00000, 0x0000000709d00000, 0x0000000709e00000|  0%| F|  |TAMS 0x0000000709d00000, 0x0000000709d00000| Untracked 
| 130|0x0000000709e00000, 0x0000000709e00000, 0x0000000709f00000|  0%| F|  |TAMS 0x0000000709e00000, 0x0000000709e00000| Untracked 
| 131|0x0000000709f00000, 0x0000000709f00000, 0x000000070a000000|  0%| F|  |TAMS 0x0000000709f00000, 0x0000000709f00000| Untracked 
| 132|0x000000070a000000, 0x000000070a000000, 0x000000070a100000|  0%| F|  |TAMS 0x000000070a000000, 0x000000070a000000| Untracked 
| 133|0x000000070a100000, 0x000000070a100000, 0x000000070a200000|  0%| F|  |TAMS 0x000000070a100000, 0x000000070a100000| Untracked 
| 134|0x000000070a200000, 0x000000070a200000, 0x000000070a300000|  0%| F|  |TAMS 0x000000070a200000, 0x000000070a200000| Untracked 
| 135|0x000000070a300000, 0x000000070a300000, 0x000000070a400000|  0%| F|  |TAMS 0x000000070a300000, 0x000000070a300000| Untracked 
| 136|0x000000070a400000, 0x000000070a400000, 0x000000070a500000|  0%| F|  |TAMS 0x000000070a400000, 0x000000070a400000| Untracked 
| 137|0x000000070a500000, 0x000000070a500000, 0x000000070a600000|  0%| F|  |TAMS 0x000000070a500000, 0x000000070a500000| Untracked 
| 138|0x000000070a600000, 0x000000070a600000, 0x000000070a700000|  0%| F|  |TAMS 0x000000070a600000, 0x000000070a600000| Untracked 
| 139|0x000000070a700000, 0x000000070a700000, 0x000000070a800000|  0%| F|  |TAMS 0x000000070a700000, 0x000000070a700000| Untracked 
| 140|0x000000070a800000, 0x000000070a800000, 0x000000070a900000|  0%| F|  |TAMS 0x000000070a800000, 0x000000070a800000| Untracked 
| 141|0x000000070a900000, 0x000000070a900000, 0x000000070aa00000|  0%| F|  |TAMS 0x000000070a900000, 0x000000070a900000| Untracked 
| 142|0x000000070aa00000, 0x000000070aa00000, 0x000000070ab00000|  0%| F|  |TAMS 0x000000070aa00000, 0x000000070aa00000| Untracked 
| 143|0x000000070ab00000, 0x000000070ab00000, 0x000000070ac00000|  0%| F|  |TAMS 0x000000070ab00000, 0x000000070ab00000| Untracked 
| 144|0x000000070ac00000, 0x000000070ac00000, 0x000000070ad00000|  0%| F|  |TAMS 0x000000070ac00000, 0x000000070ac00000| Untracked 
| 145|0x000000070ad00000, 0x000000070ad00000, 0x000000070ae00000|  0%| F|  |TAMS 0x000000070ad00000, 0x000000070ad00000| Untracked 
| 146|0x000000070ae00000, 0x000000070ae00000, 0x000000070af00000|  0%| F|  |TAMS 0x000000070ae00000, 0x000000070ae00000| Untracked 
| 147|0x000000070af00000, 0x000000070af00000, 0x000000070b000000|  0%| F|  |TAMS 0x000000070af00000, 0x000000070af00000| Untracked 
| 148|0x000000070b000000, 0x000000070b000000, 0x000000070b100000|  0%| F|  |TAMS 0x000000070b000000, 0x000000070b000000| Untracked 
| 149|0x000000070b100000, 0x000000070b100000, 0x000000070b200000|  0%| F|  |TAMS 0x000000070b100000, 0x000000070b100000| Untracked 
| 150|0x000000070b200000, 0x000000070b200000, 0x000000070b300000|  0%| F|  |TAMS 0x000000070b200000, 0x000000070b200000| Untracked 
| 151|0x000000070b300000, 0x000000070b300000, 0x000000070b400000|  0%| F|  |TAMS 0x000000070b300000, 0x000000070b300000| Untracked 
| 152|0x000000070b400000, 0x000000070b400000, 0x000000070b500000|  0%| F|  |TAMS 0x000000070b400000, 0x000000070b400000| Untracked 
| 153|0x000000070b500000, 0x000000070b500000, 0x000000070b600000|  0%| F|  |TAMS 0x000000070b500000, 0x000000070b500000| Untracked 
| 154|0x000000070b600000, 0x000000070b600000, 0x000000070b700000|  0%| F|  |TAMS 0x000000070b600000, 0x000000070b600000| Untracked 
| 155|0x000000070b700000, 0x000000070b700000, 0x000000070b800000|  0%| F|  |TAMS 0x000000070b700000, 0x000000070b700000| Untracked 
| 156|0x000000070b800000, 0x000000070b800000, 0x000000070b900000|  0%| F|  |TAMS 0x000000070b800000, 0x000000070b800000| Untracked 
| 157|0x000000070b900000, 0x000000070b900000, 0x000000070ba00000|  0%| F|  |TAMS 0x000000070b900000, 0x000000070b900000| Untracked 
| 158|0x000000070ba00000, 0x000000070ba00000, 0x000000070bb00000|  0%| F|  |TAMS 0x000000070ba00000, 0x000000070ba00000| Untracked 
| 159|0x000000070bb00000, 0x000000070bb00000, 0x000000070bc00000|  0%| F|  |TAMS 0x000000070bb00000, 0x000000070bb00000| Untracked 
| 160|0x000000070bc00000, 0x000000070bc00000, 0x000000070bd00000|  0%| F|  |TAMS 0x000000070bc00000, 0x000000070bc00000| Untracked 
| 161|0x000000070bd00000, 0x000000070bd00000, 0x000000070be00000|  0%| F|  |TAMS 0x000000070bd00000, 0x000000070bd00000| Untracked 
| 162|0x000000070be00000, 0x000000070be00000, 0x000000070bf00000|  0%| F|  |TAMS 0x000000070be00000, 0x000000070be00000| Untracked 
| 163|0x000000070bf00000, 0x000000070bf00000, 0x000000070c000000|  0%| F|  |TAMS 0x000000070bf00000, 0x000000070bf00000| Untracked 
| 164|0x000000070c000000, 0x000000070c000000, 0x000000070c100000|  0%| F|  |TAMS 0x000000070c000000, 0x000000070c000000| Untracked 
| 165|0x000000070c100000, 0x000000070c100000, 0x000000070c200000|  0%| F|  |TAMS 0x000000070c100000, 0x000000070c100000| Untracked 
| 166|0x000000070c200000, 0x000000070c200000, 0x000000070c300000|  0%| F|  |TAMS 0x000000070c200000, 0x000000070c200000| Untracked 
| 167|0x000000070c300000, 0x000000070c300000, 0x000000070c400000|  0%| F|  |TAMS 0x000000070c300000, 0x000000070c300000| Untracked 
| 168|0x000000070c400000, 0x000000070c400000, 0x000000070c500000|  0%| F|  |TAMS 0x000000070c400000, 0x000000070c400000| Untracked 
| 169|0x000000070c500000, 0x000000070c500000, 0x000000070c600000|  0%| F|  |TAMS 0x000000070c500000, 0x000000070c500000| Untracked 
| 170|0x000000070c600000, 0x000000070c600000, 0x000000070c700000|  0%| F|  |TAMS 0x000000070c600000, 0x000000070c600000| Untracked 
| 171|0x000000070c700000, 0x000000070c700000, 0x000000070c800000|  0%| F|  |TAMS 0x000000070c700000, 0x000000070c700000| Untracked 
| 172|0x000000070c800000, 0x000000070c800000, 0x000000070c900000|  0%| F|  |TAMS 0x000000070c800000, 0x000000070c800000| Untracked 
| 173|0x000000070c900000, 0x000000070c900000, 0x000000070ca00000|  0%| F|  |TAMS 0x000000070c900000, 0x000000070c900000| Untracked 
| 174|0x000000070ca00000, 0x000000070ca00000, 0x000000070cb00000|  0%| F|  |TAMS 0x000000070ca00000, 0x000000070ca00000| Untracked 
| 175|0x000000070cb00000, 0x000000070cb00000, 0x000000070cc00000|  0%| F|  |TAMS 0x000000070cb00000, 0x000000070cb00000| Untracked 
| 176|0x000000070cc00000, 0x000000070cc00000, 0x000000070cd00000|  0%| F|  |TAMS 0x000000070cc00000, 0x000000070cc00000| Untracked 
| 177|0x000000070cd00000, 0x000000070cd00000, 0x000000070ce00000|  0%| F|  |TAMS 0x000000070cd00000, 0x000000070cd00000| Untracked 
| 178|0x000000070ce00000, 0x000000070ce00000, 0x000000070cf00000|  0%| F|  |TAMS 0x000000070ce00000, 0x000000070ce00000| Untracked 
| 179|0x000000070cf00000, 0x000000070cf00000, 0x000000070d000000|  0%| F|  |TAMS 0x000000070cf00000, 0x000000070cf00000| Untracked 
| 180|0x000000070d000000, 0x000000070d000000, 0x000000070d100000|  0%| F|  |TAMS 0x000000070d000000, 0x000000070d000000| Untracked 
| 181|0x000000070d100000, 0x000000070d100000, 0x000000070d200000|  0%| F|  |TAMS 0x000000070d100000, 0x000000070d100000| Untracked 
| 182|0x000000070d200000, 0x000000070d200000, 0x000000070d300000|  0%| F|  |TAMS 0x000000070d200000, 0x000000070d200000| Untracked 
| 183|0x000000070d300000, 0x000000070d300000, 0x000000070d400000|  0%| F|  |TAMS 0x000000070d300000, 0x000000070d300000| Untracked 
| 184|0x000000070d400000, 0x000000070d400000, 0x000000070d500000|  0%| F|  |TAMS 0x000000070d400000, 0x000000070d400000| Untracked 
| 185|0x000000070d500000, 0x000000070d500000, 0x000000070d600000|  0%| F|  |TAMS 0x000000070d500000, 0x000000070d500000| Untracked 
| 186|0x000000070d600000, 0x000000070d600000, 0x000000070d700000|  0%| F|  |TAMS 0x000000070d600000, 0x000000070d600000| Untracked 
| 187|0x000000070d700000, 0x000000070d700000, 0x000000070d800000|  0%| F|  |TAMS 0x000000070d700000, 0x000000070d700000| Untracked 
| 188|0x000000070d800000, 0x000000070d800000, 0x000000070d900000|  0%| F|  |TAMS 0x000000070d800000, 0x000000070d800000| Untracked 
| 189|0x000000070d900000, 0x000000070d900000, 0x000000070da00000|  0%| F|  |TAMS 0x000000070d900000, 0x000000070d900000| Untracked 
| 190|0x000000070da00000, 0x000000070da00000, 0x000000070db00000|  0%| F|  |TAMS 0x000000070da00000, 0x000000070da00000| Untracked 
| 191|0x000000070db00000, 0x000000070db00000, 0x000000070dc00000|  0%| F|  |TAMS 0x000000070db00000, 0x000000070db00000| Untracked 
| 192|0x000000070dc00000, 0x000000070dc00000, 0x000000070dd00000|  0%| F|  |TAMS 0x000000070dc00000, 0x000000070dc00000| Untracked 
| 193|0x000000070dd00000, 0x000000070dd00000, 0x000000070de00000|  0%| F|  |TAMS 0x000000070dd00000, 0x000000070dd00000| Untracked 
| 194|0x000000070de00000, 0x000000070de00000, 0x000000070df00000|  0%| F|  |TAMS 0x000000070de00000, 0x000000070de00000| Untracked 
| 195|0x000000070df00000, 0x000000070df00000, 0x000000070e000000|  0%| F|  |TAMS 0x000000070df00000, 0x000000070df00000| Untracked 
| 196|0x000000070e000000, 0x000000070e000000, 0x000000070e100000|  0%| F|  |TAMS 0x000000070e000000, 0x000000070e000000| Untracked 
| 197|0x000000070e100000, 0x000000070e100000, 0x000000070e200000|  0%| F|  |TAMS 0x000000070e100000, 0x000000070e100000| Untracked 
| 198|0x000000070e200000, 0x000000070e200000, 0x000000070e300000|  0%| F|  |TAMS 0x000000070e200000, 0x000000070e200000| Untracked 
| 199|0x000000070e300000, 0x000000070e300000, 0x000000070e400000|  0%| F|  |TAMS 0x000000070e300000, 0x000000070e300000| Untracked 
| 200|0x000000070e400000, 0x000000070e400000, 0x000000070e500000|  0%| F|  |TAMS 0x000000070e400000, 0x000000070e400000| Untracked 
| 201|0x000000070e500000, 0x000000070e500000, 0x000000070e600000|  0%| F|  |TAMS 0x000000070e500000, 0x000000070e500000| Untracked 
| 202|0x000000070e600000, 0x000000070e600000, 0x000000070e700000|  0%| F|  |TAMS 0x000000070e600000, 0x000000070e600000| Untracked 
| 203|0x000000070e700000, 0x000000070e700000, 0x000000070e800000|  0%| F|  |TAMS 0x000000070e700000, 0x000000070e700000| Untracked 
| 204|0x000000070e800000, 0x000000070e800000, 0x000000070e900000|  0%| F|  |TAMS 0x000000070e800000, 0x000000070e800000| Untracked 
| 205|0x000000070e900000, 0x000000070e900000, 0x000000070ea00000|  0%| F|  |TAMS 0x000000070e900000, 0x000000070e900000| Untracked 
| 206|0x000000070ea00000, 0x000000070ea00000, 0x000000070eb00000|  0%| F|  |TAMS 0x000000070ea00000, 0x000000070ea00000| Untracked 
| 207|0x000000070eb00000, 0x000000070eb00000, 0x000000070ec00000|  0%| F|  |TAMS 0x000000070eb00000, 0x000000070eb00000| Untracked 
| 208|0x000000070ec00000, 0x000000070ec00000, 0x000000070ed00000|  0%| F|  |TAMS 0x000000070ec00000, 0x000000070ec00000| Untracked 
| 209|0x000000070ed00000, 0x000000070ed00000, 0x000000070ee00000|  0%| F|  |TAMS 0x000000070ed00000, 0x000000070ed00000| Untracked 
| 210|0x000000070ee00000, 0x000000070ee00000, 0x000000070ef00000|  0%| F|  |TAMS 0x000000070ee00000, 0x000000070ee00000| Untracked 
| 211|0x000000070ef00000, 0x000000070ef00000, 0x000000070f000000|  0%| F|  |TAMS 0x000000070ef00000, 0x000000070ef00000| Untracked 
| 212|0x000000070f000000, 0x000000070f000000, 0x000000070f100000|  0%| F|  |TAMS 0x000000070f000000, 0x000000070f000000| Untracked 
| 213|0x000000070f100000, 0x000000070f100000, 0x000000070f200000|  0%| F|  |TAMS 0x000000070f100000, 0x000000070f100000| Untracked 
| 214|0x000000070f200000, 0x000000070f200000, 0x000000070f300000|  0%| F|  |TAMS 0x000000070f200000, 0x000000070f200000| Untracked 
| 215|0x000000070f300000, 0x000000070f300000, 0x000000070f400000|  0%| F|  |TAMS 0x000000070f300000, 0x000000070f300000| Untracked 
| 216|0x000000070f400000, 0x000000070f400000, 0x000000070f500000|  0%| F|  |TAMS 0x000000070f400000, 0x000000070f400000| Untracked 
| 217|0x000000070f500000, 0x000000070f500000, 0x000000070f600000|  0%| F|  |TAMS 0x000000070f500000, 0x000000070f500000| Untracked 
| 218|0x000000070f600000, 0x000000070f600000, 0x000000070f700000|  0%| F|  |TAMS 0x000000070f600000, 0x000000070f600000| Untracked 
| 219|0x000000070f700000, 0x000000070f700000, 0x000000070f800000|  0%| F|  |TAMS 0x000000070f700000, 0x000000070f700000| Untracked 
| 220|0x000000070f800000, 0x000000070f800000, 0x000000070f900000|  0%| F|  |TAMS 0x000000070f800000, 0x000000070f800000| Untracked 
| 221|0x000000070f900000, 0x000000070f900000, 0x000000070fa00000|  0%| F|  |TAMS 0x000000070f900000, 0x000000070f900000| Untracked 
| 222|0x000000070fa00000, 0x000000070fa00000, 0x000000070fb00000|  0%| F|  |TAMS 0x000000070fa00000, 0x000000070fa00000| Untracked 
| 223|0x000000070fb00000, 0x000000070fb00000, 0x000000070fc00000|  0%| F|  |TAMS 0x000000070fb00000, 0x000000070fb00000| Untracked 
| 224|0x000000070fc00000, 0x000000070fc00000, 0x000000070fd00000|  0%| F|  |TAMS 0x000000070fc00000, 0x000000070fc00000| Untracked 
| 225|0x000000070fd00000, 0x000000070fd00000, 0x000000070fe00000|  0%| F|  |TAMS 0x000000070fd00000, 0x000000070fd00000| Untracked 
| 226|0x000000070fe00000, 0x000000070fe00000, 0x000000070ff00000|  0%| F|  |TAMS 0x000000070fe00000, 0x000000070fe00000| Untracked 
| 227|0x000000070ff00000, 0x000000070ff00000, 0x0000000710000000|  0%| F|  |TAMS 0x000000070ff00000, 0x000000070ff00000| Untracked 
| 228|0x0000000710000000, 0x0000000710000000, 0x0000000710100000|  0%| F|  |TAMS 0x0000000710000000, 0x0000000710000000| Untracked 
| 229|0x0000000710100000, 0x0000000710100000, 0x0000000710200000|  0%| F|  |TAMS 0x0000000710100000, 0x0000000710100000| Untracked 
| 230|0x0000000710200000, 0x00000007102b2458, 0x0000000710300000| 69%| E|  |TAMS 0x0000000710200000, 0x0000000710200000| Complete 
| 231|0x0000000710300000, 0x0000000710400000, 0x0000000710400000|100%| E|CS|TAMS 0x0000000710300000, 0x0000000710300000| Complete 
| 232|0x0000000710400000, 0x0000000710500000, 0x0000000710500000|100%| E|CS|TAMS 0x0000000710400000, 0x0000000710400000| Complete 
| 233|0x0000000710500000, 0x0000000710600000, 0x0000000710600000|100%| E|CS|TAMS 0x0000000710500000, 0x0000000710500000| Complete 
| 234|0x0000000710600000, 0x0000000710700000, 0x0000000710700000|100%| E|CS|TAMS 0x0000000710600000, 0x0000000710600000| Complete 
| 235|0x0000000710700000, 0x0000000710800000, 0x0000000710800000|100%| E|CS|TAMS 0x0000000710700000, 0x0000000710700000| Complete 
| 236|0x0000000710800000, 0x0000000710900000, 0x0000000710900000|100%| E|CS|TAMS 0x0000000710800000, 0x0000000710800000| Complete 
| 237|0x0000000710900000, 0x0000000710a00000, 0x0000000710a00000|100%| E|CS|TAMS 0x0000000710900000, 0x0000000710900000| Complete 
| 238|0x0000000710a00000, 0x0000000710b00000, 0x0000000710b00000|100%| E|CS|TAMS 0x0000000710a00000, 0x0000000710a00000| Complete 
| 239|0x0000000710b00000, 0x0000000710c00000, 0x0000000710c00000|100%| E|CS|TAMS 0x0000000710b00000, 0x0000000710b00000| Complete 
| 240|0x0000000710c00000, 0x0000000710d00000, 0x0000000710d00000|100%| E|CS|TAMS 0x0000000710c00000, 0x0000000710c00000| Complete 
| 241|0x0000000710d00000, 0x0000000710e00000, 0x0000000710e00000|100%| E|CS|TAMS 0x0000000710d00000, 0x0000000710d00000| Complete 
| 242|0x0000000710e00000, 0x0000000710f00000, 0x0000000710f00000|100%| E|CS|TAMS 0x0000000710e00000, 0x0000000710e00000| Complete 
| 243|0x0000000710f00000, 0x0000000711000000, 0x0000000711000000|100%| E|CS|TAMS 0x0000000710f00000, 0x0000000710f00000| Complete 
| 244|0x0000000711000000, 0x000000071104ab80, 0x0000000711100000| 29%| S|CS|TAMS 0x0000000711000000, 0x0000000711000000| Complete 
| 245|0x0000000711100000, 0x0000000711200000, 0x0000000711200000|100%| S|CS|TAMS 0x0000000711100000, 0x0000000711100000| Complete 
| 246|0x0000000711200000, 0x0000000711300000, 0x0000000711300000|100%| E|CS|TAMS 0x0000000711200000, 0x0000000711200000| Complete 
| 247|0x0000000711300000, 0x0000000711400000, 0x0000000711400000|100%| E|CS|TAMS 0x0000000711300000, 0x0000000711300000| Complete 
| 248|0x0000000711400000, 0x0000000711500000, 0x0000000711500000|100%| E|CS|TAMS 0x0000000711400000, 0x0000000711400000| Complete 
| 249|0x0000000711500000, 0x0000000711600000, 0x0000000711600000|100%| E|CS|TAMS 0x0000000711500000, 0x0000000711500000| Complete 
| 250|0x0000000711600000, 0x0000000711700000, 0x0000000711700000|100%| E|CS|TAMS 0x0000000711600000, 0x0000000711600000| Complete 
| 251|0x0000000711700000, 0x0000000711800000, 0x0000000711800000|100%| E|CS|TAMS 0x0000000711700000, 0x0000000711700000| Complete 
| 252|0x0000000711800000, 0x0000000711900000, 0x0000000711900000|100%| E|CS|TAMS 0x0000000711800000, 0x0000000711800000| Complete 
| 253|0x0000000711900000, 0x0000000711a00000, 0x0000000711a00000|100%| E|CS|TAMS 0x0000000711900000, 0x0000000711900000| Complete 
| 254|0x0000000711a00000, 0x0000000711b00000, 0x0000000711b00000|100%| E|CS|TAMS 0x0000000711a00000, 0x0000000711a00000| Complete 
| 255|0x0000000711b00000, 0x0000000711c00000, 0x0000000711c00000|100%| E|CS|TAMS 0x0000000711b00000, 0x0000000711b00000| Complete 

Card table byte_map: [0x00000221f6e10000,0x00000221f7610000] _byte_map_base: 0x00000221f3602000

Marking Bits (Prev, Next): (CMBitMap*) 0x00000221ee28b978, (CMBitMap*) 0x00000221ee28b9b8
 Prev Bits: [0x00000221f7e10000, 0x00000221fbda0000)
 Next Bits: [0x00000221fbda0000, 0x00000221ffd30000)

Polling page: 0x00000221ebf60000

Metaspace:

Usage:
  Non-class:     12.96 MB capacity,    12.61 MB ( 97%) used,   309.58 KB (  2%) free+waste,    54.50 KB ( <1%) overhead. 
      Class:      1.95 MB capacity,     1.73 MB ( 89%) used,   200.88 KB ( 10%) free+waste,    28.44 KB (  1%) overhead. 
       Both:     14.91 MB capacity,    14.33 MB ( 96%) used,   510.45 KB (  3%) free+waste,    82.94 KB ( <1%) overhead. 

Virtual space:
  Non-class space:       14.00 MB reserved,      13.00 MB ( 93%) committed 
      Class space:        1.00 GB reserved,       2.00 MB ( <1%) committed 
             Both:        1.01 GB reserved,      15.00 MB (  1%) committed 

Chunk freelists:
   Non-Class:  4.75 KB
       Class:  2.38 KB
        Both:  7.13 KB

CodeHeap 'non-profiled nmethods': size=120064Kb used=644Kb max_used=644Kb free=119419Kb
 bounds [0x0000022187ac0000, 0x0000022187d30000, 0x000002218f000000]
CodeHeap 'profiled nmethods': size=120000Kb used=3714Kb max_used=3714Kb free=116285Kb
 bounds [0x0000022180590000, 0x0000022180940000, 0x0000022187ac0000]
CodeHeap 'non-nmethods': size=5696Kb used=1189Kb max_used=1203Kb free=4506Kb
 bounds [0x0000022180000000, 0x0000022180270000, 0x0000022180590000]
 total_blobs=2851 nmethods=1847 adapters=432
 compilation: enabled
              stopped_count=0, restarted_count=0
 full_count=0

Compilation events (10 events):
Event: 12.025 Thread 0x0000022191ba9000 1943       3       java.lang.Class::hasEnclosingMethodInfo (17 bytes)
Event: 12.025 Thread 0x0000022191ba9000 nmethod 1943 0x0000022180930d90 code [0x0000022180930f60, 0x0000022180931180]
Event: 12.025 Thread 0x0000022191ba9000 1945   !   3       java.io.BufferedWriter::write (117 bytes)
Event: 12.026 Thread 0x0000022191ba9000 nmethod 1945 0x0000022180931210 code [0x0000022180931440, 0x0000022180931bb0]
Event: 12.026 Thread 0x0000022191ba9000 1946       3       java.io.BufferedWriter::min (9 bytes)
Event: 12.026 Thread 0x0000022191ba9000 nmethod 1946 0x0000022180931f10 code [0x00000221809320c0, 0x0000022180932298]
Event: 12.026 Thread 0x0000022191ba9000 1944       3       java.io.Writer::write (11 bytes)
Event: 12.026 Thread 0x0000022191ba9000 nmethod 1944 0x0000022180932310 code [0x00000221809324e0, 0x0000022180932850]
Event: 12.026 Thread 0x0000022191ba9000 1947       1       org.testng.shaded.com.google.gson.reflect.TypeToken::getType (5 bytes)
Event: 12.026 Thread 0x0000022191ba9000 nmethod 1947 0x0000022187b60f10 code [0x0000022187b610c0, 0x0000022187b611f8]

GC Heap History (4 events):
Event: 0.790 GC heap before
{Heap before GC invocations=0 (full 0):
 garbage-first heap   total 262144K, used 14336K [0x0000000701c00000, 0x0000000800000000)
  region size 1024K, 14 young (14336K), 0 survivors (0K)
 Metaspace       used 5777K, capacity 6771K, committed 6912K, reserved 1056768K
  class space    used 633K, capacity 727K, committed 768K, reserved 1048576K
}
Event: 0.793 GC heap after
{Heap after GC invocations=1 (full 0):
 garbage-first heap   total 262144K, used 4499K [0x0000000701c00000, 0x0000000800000000)
  region size 1024K, 2 young (2048K), 2 survivors (2048K)
 Metaspace       used 5777K, capacity 6771K, committed 6912K, reserved 1056768K
  class space    used 633K, capacity 727K, committed 768K, reserved 1048576K
}
Event: 0.988 GC heap before
{Heap before GC invocations=1 (full 0):
 garbage-first heap   total 262144K, used 14739K [0x0000000701c00000, 0x0000000800000000)
  region size 1024K, 12 young (12288K), 2 survivors (2048K)
 Metaspace       used 8558K, capacity 8830K, committed 9088K, reserved 1056768K
  class space    used 981K, capacity 1056K, committed 1152K, reserved 1048576K
}
Event: 0.991 GC heap after
{Heap after GC invocations=2 (full 0):
 garbage-first heap   total 262144K, used 5924K [0x0000000701c00000, 0x0000000800000000)
  region size 1024K, 2 young (2048K), 2 survivors (2048K)
 Metaspace       used 8558K, capacity 8830K, committed 9088K, reserved 1056768K
  class space    used 981K, capacity 1056K, committed 1152K, reserved 1048576K
}

Deoptimization events (10 events):
Event: 1.122 Thread 0x00000221ee225000 Uncommon trap: reason=unstable_if action=reinterpret pc=0x0000022187b1a510 method=java.lang.String.replace(CC)Ljava/lang/String; @ 2 c2
Event: 1.135 Thread 0x0000022192cd3000 Uncommon trap: reason=unstable_if action=reinterpret pc=0x0000022187b2066c method=java.lang.CharacterDataLatin1.digit(II)I @ 12 c2
Event: 1.647 Thread 0x0000022192cd3000 Uncommon trap: reason=unstable_if action=reinterpret pc=0x0000022187b1fdf4 method=java.lang.CharacterDataLatin1.digit(II)I @ 12 c2
Event: 1.752 Thread 0x00000221ee225000 Uncommon trap: reason=unstable_if action=reinterpret pc=0x0000022187b2f260 method=java.io.ByteArrayInputStream.read([BII)I @ 35 c2
Event: 1.780 Thread 0x00000221ee225000 Uncommon trap: reason=unstable_if action=reinterpret pc=0x0000022187b416f8 method=java.util.regex.Pattern$BmpCharProperty.match(Ljava/util/regex/Matcher;ILjava/lang/CharSequence;)Z @ 5 c2
Event: 3.485 Thread 0x00000221ee225000 Uncommon trap: reason=class_check action=maybe_recompile pc=0x0000022187b4e7f4 method=org.openqa.selenium.json.Input.init()V @ 18 c2
Event: 3.485 Thread 0x00000221ee225000 Uncommon trap: reason=class_check action=maybe_recompile pc=0x0000022187b4e7f4 method=org.openqa.selenium.json.Input.init()V @ 18 c2
Event: 3.485 Thread 0x00000221ee225000 Uncommon trap: reason=class_check action=maybe_recompile pc=0x0000022187b4e7f4 method=org.openqa.selenium.json.Input.init()V @ 18 c2
Event: 3.485 Thread 0x00000221ee225000 Uncommon trap: reason=class_check action=maybe_recompile pc=0x0000022187b4e7f4 method=org.openqa.selenium.json.Input.init()V @ 18 c2
Event: 3.497 Thread 0x00000221ee225000 Uncommon trap: reason=unstable_if action=reinterpret pc=0x0000022187b2274c method=java.util.concurrent.ConcurrentHashMap.putVal(Ljava/lang/Object;Ljava/lang/Object;Z)Ljava/lang/Object; @ 256 c2

Classes redefined (0 events):
No events

Internal exceptions (10 events):
Event: 5.786 Thread 0x00000221ee225000 Exception <a 'java/net/SocketTimeoutException'{0x00000007104741d8}: Read timed out> (0x00000007104741d8) thrown at [t:/workspace/open/src/hotspot/share/prims/jni.cpp, line 636]
Event: 5.829 Thread 0x00000221ee225000 Exception <a 'java/net/SocketTimeoutException'{0x00000007104c9a40}: Read timed out> (0x00000007104c9a40) thrown at [t:/workspace/open/src/hotspot/share/prims/jni.cpp, line 636]
Event: 6.444 Thread 0x00000221ee225000 Exception <a 'java/net/SocketTimeoutException'{0x00000007104e60e0}: Read timed out> (0x00000007104e60e0) thrown at [t:/workspace/open/src/hotspot/share/prims/jni.cpp, line 636]
Event: 6.491 Thread 0x00000221ee225000 Exception <a 'java/net/SocketTimeoutException'{0x0000000710315848}: Read timed out> (0x0000000710315848) thrown at [t:/workspace/open/src/hotspot/share/prims/jni.cpp, line 636]
Event: 6.667 Thread 0x00000221ee225000 Exception <a 'java/net/SocketTimeoutException'{0x0000000710327580}: Read timed out> (0x0000000710327580) thrown at [t:/workspace/open/src/hotspot/share/prims/jni.cpp, line 636]
Event: 6.684 Thread 0x00000221ee225000 Exception <a 'java/net/SocketTimeoutException'{0x000000071033ed18}: Read timed out> (0x000000071033ed18) thrown at [t:/workspace/open/src/hotspot/share/prims/jni.cpp, line 636]
Event: 6.713 Thread 0x00000221ee225000 Exception <a 'java/net/SocketTimeoutException'{0x0000000710359310}: Read timed out> (0x0000000710359310) thrown at [t:/workspace/open/src/hotspot/share/prims/jni.cpp, line 636]
Event: 6.838 Thread 0x00000221ee225000 Exception <a 'java/net/SocketTimeoutException'{0x000000071036b788}: Read timed out> (0x000000071036b788) thrown at [t:/workspace/open/src/hotspot/share/prims/jni.cpp, line 636]
Event: 6.860 Thread 0x00000221ee225000 Exception <a 'java/net/SocketTimeoutException'{0x00000007103cdb50}: Read timed out> (0x00000007103cdb50) thrown at [t:/workspace/open/src/hotspot/share/prims/jni.cpp, line 636]
Event: 12.022 Thread 0x00000221ee225000 Exception <a 'java/lang/reflect/InvocationTargetException'{0x00000007103e1860}> (0x00000007103e1860) thrown at [t:/workspace/open/src/hotspot/share/runtime/reflection.cpp, line 1183]

Events (10 events):
Event: 12.027 loading class org/testng/IExecutionVisualiser
Event: 12.027 loading class org/testng/IExecutionVisualiser done
Event: 12.027 loading class org/testng/internal/DynamicGraph
Event: 12.027 loading class org/testng/internal/DynamicGraph done
Event: 12.028 loading class org/testng/internal/annotations/DataProviderAnnotation
Event: 12.028 loading class org/testng/internal/annotations/DataProviderAnnotation done
Event: 12.028 loading class org/testng/internal/collections/Ints
Event: 12.028 loading class org/testng/internal/collections/Ints done
Event: 12.029 loading class java/util/Spliterators$IntArraySpliterator
Event: 12.029 loading class java/util/Spliterators$IntArraySpliterator done


Dynamic libraries:
0x00007ff6edd80000 - 0x00007ff6edd8f000 	C:\Program Files\Java\jdk-12.0.2\bin\javaw.exe
0x00007ffc547a0000 - 0x00007ffc5498d000 	C:\WINDOWS\SYSTEM32\ntdll.dll
0x00007ffc53c10000 - 0x00007ffc53cc3000 	C:\WINDOWS\System32\KERNEL32.DLL
0x00007ffc50cf0000 - 0x00007ffc50f83000 	C:\WINDOWS\System32\KERNELBASE.dll
0x0000000052620000 - 0x00000000526b3000 	C:\WINDOWS\System32\SYSFER.DLL
0x00007ffc50990000 - 0x00007ffc50a8a000 	C:\WINDOWS\System32\ucrtbase.dll
0x00007ffc4de00000 - 0x00007ffc4de18000 	C:\Program Files\Java\jdk-12.0.2\bin\jli.dll
0x00007ffc4dde0000 - 0x00007ffc4ddf6000 	C:\Program Files\Java\jdk-12.0.2\bin\VCRUNTIME140.dll
0x00007ffc53b60000 - 0x00007ffc53c03000 	C:\WINDOWS\System32\ADVAPI32.dll
0x00007ffc546b0000 - 0x00007ffc5474e000 	C:\WINDOWS\System32\msvcrt.dll
0x00007ffc53130000 - 0x00007ffc531ce000 	C:\WINDOWS\System32\sechost.dll
0x00007ffc531d0000 - 0x00007ffc532f2000 	C:\WINDOWS\System32\RPCRT4.dll
0x00007ffc52f90000 - 0x00007ffc53127000 	C:\WINDOWS\System32\USER32.dll
0x00007ffc51080000 - 0x00007ffc510a0000 	C:\WINDOWS\System32\win32u.dll
0x00007ffc539a0000 - 0x00007ffc539c9000 	C:\WINDOWS\System32\GDI32.dll
0x00007ffc51820000 - 0x00007ffc519b9000 	C:\WINDOWS\System32\gdi32full.dll
0x00007ffc3b3a0000 - 0x00007ffc3b619000 	C:\WINDOWS\WinSxS\amd64_microsoft.windows.common-controls_6595b64144ccf1df_6.0.17763.914_none_05b346b2072102f2\COMCTL32.dll
0x00007ffc50fe0000 - 0x00007ffc51080000 	C:\WINDOWS\System32\msvcp_win.dll
0x00007ffc54000000 - 0x00007ffc5432c000 	C:\WINDOWS\System32\combase.dll
0x00007ffc50c70000 - 0x00007ffc50cee000 	C:\WINDOWS\System32\bcryptPrimitives.dll
0x00007ffc48780000 - 0x00007ffc4878a000 	C:\WINDOWS\SYSTEM32\VERSION.dll
0x00007ffc53d60000 - 0x00007ffc53d8e000 	C:\WINDOWS\System32\IMM32.DLL
0x00007ffc3ffa0000 - 0x00007ffc4004a000 	C:\Program Files\Java\jdk-12.0.2\bin\msvcp140.dll
0x00007ffc20b80000 - 0x00007ffc216f7000 	C:\Program Files\Java\jdk-12.0.2\bin\server\jvm.dll
0x00007ffc546a0000 - 0x00007ffc546a8000 	C:\WINDOWS\System32\PSAPI.DLL
0x00007ffc38600000 - 0x00007ffc38609000 	C:\WINDOWS\SYSTEM32\WSOCK32.dll
0x00007ffc54390000 - 0x00007ffc543fd000 	C:\WINDOWS\System32\WS2_32.dll
0x00007ffc496a0000 - 0x00007ffc496c4000 	C:\WINDOWS\SYSTEM32\WINMM.dll
0x00007ffc49670000 - 0x00007ffc4969d000 	C:\WINDOWS\SYSTEM32\WINMMBASE.dll
0x00007ffc50f90000 - 0x00007ffc50fda000 	C:\WINDOWS\System32\cfgmgr32.dll
0x00007ffc507b0000 - 0x00007ffc507c1000 	C:\WINDOWS\System32\kernel.appcore.dll
0x00007ffc4ddc0000 - 0x00007ffc4ddd1000 	C:\Program Files\Java\jdk-12.0.2\bin\verify.dll
0x00007ffc4f120000 - 0x00007ffc4f30d000 	C:\WINDOWS\SYSTEM32\DBGHELP.DLL
0x00007ffc379b0000 - 0x00007ffc379da000 	C:\WINDOWS\SYSTEM32\dbgcore.DLL
0x00007ffc4dd90000 - 0x00007ffc4ddb6000 	C:\Program Files\Java\jdk-12.0.2\bin\java.dll
0x00007ffc4dd70000 - 0x00007ffc4dd87000 	C:\Program Files\Java\jdk-12.0.2\bin\zip.dll
0x00007ffc4dd60000 - 0x00007ffc4dd6a000 	C:\Program Files\Java\jdk-12.0.2\bin\jimage.dll
0x00007ffc51a90000 - 0x00007ffc52f84000 	C:\WINDOWS\System32\SHELL32.dll
0x00007ffc53ab0000 - 0x00007ffc53b58000 	C:\WINDOWS\System32\shcore.dll
0x00007ffc510a0000 - 0x00007ffc517ed000 	C:\WINDOWS\System32\windows.storage.dll
0x00007ffc50830000 - 0x00007ffc50854000 	C:\WINDOWS\System32\profapi.dll
0x00007ffc507d0000 - 0x00007ffc5082d000 	C:\WINDOWS\System32\powrprof.dll
0x00007ffc53a50000 - 0x00007ffc53aa2000 	C:\WINDOWS\System32\shlwapi.dll
0x00007ffc50970000 - 0x00007ffc50987000 	C:\WINDOWS\System32\cryptsp.dll
0x00007ffc4dd40000 - 0x00007ffc4dd59000 	C:\Program Files\Java\jdk-12.0.2\bin\net.dll
0x00007ffc4b400000 - 0x00007ffc4b4f2000 	C:\WINDOWS\SYSTEM32\WINHTTP.dll
0x00007ffc3dac0000 - 0x00007ffc3dc97000 	C:\WINDOWS\SYSTEM32\urlmon.dll
0x00007ffc3e1e0000 - 0x00007ffc3e488000 	C:\WINDOWS\SYSTEM32\iertutil.dll
0x00007ffc501d0000 - 0x00007ffc501dc000 	C:\WINDOWS\SYSTEM32\CRYPTBASE.DLL
0x00007ffc50000000 - 0x00007ffc50067000 	C:\WINDOWS\system32\mswsock.dll
0x00007ffc4ad30000 - 0x00007ffc4ad43000 	C:\Program Files\Java\jdk-12.0.2\bin\nio.dll
0x00007ffc4fd70000 - 0x00007ffc4fe36000 	C:\WINDOWS\SYSTEM32\DNSAPI.dll
0x00007ffc53d50000 - 0x00007ffc53d58000 	C:\WINDOWS\System32\NSI.dll
0x00007ffc4fd20000 - 0x00007ffc4fd5d000 	C:\WINDOWS\SYSTEM32\IPHLPAPI.DLL
0x00007ffc41320000 - 0x00007ffc4132a000 	C:\Windows\System32\rasadhlp.dll
0x00007ffc4b120000 - 0x00007ffc4b199000 	C:\WINDOWS\System32\fwpuclnt.dll
0x00007ffc517f0000 - 0x00007ffc51816000 	C:\WINDOWS\System32\bcrypt.dll
0x00007ffc4fb80000 - 0x00007ffc4fbb3000 	C:\WINDOWS\system32\rsaenh.dll
0x00007ffc506c0000 - 0x00007ffc506e8000 	C:\WINDOWS\SYSTEM32\USERENV.dll
0x00007ffc4a850000 - 0x00007ffc4a866000 	C:\WINDOWS\SYSTEM32\dhcpcsvc6.DLL
0x00007ffc4a7a0000 - 0x00007ffc4a7bc000 	C:\WINDOWS\SYSTEM32\dhcpcsvc.DLL
0x00007ffc3ff70000 - 0x00007ffc3ff97000 	C:\Program Files\Java\jdk-12.0.2\bin\sunec.dll
0x00007ffc4ad20000 - 0x00007ffc4ad2e000 	C:\Program Files\Java\jdk-12.0.2\bin\sunmscapi.dll
0x00007ffc50a90000 - 0x00007ffc50c6b000 	C:\WINDOWS\System32\CRYPT32.dll
0x00007ffc50790000 - 0x00007ffc507a2000 	C:\WINDOWS\System32\MSASN1.dll
0x00007ffc502d0000 - 0x00007ffc502f6000 	C:\WINDOWS\SYSTEM32\ncrypt.dll
0x00007ffc50290000 - 0x00007ffc502cc000 	C:\WINDOWS\SYSTEM32\NTASN1.dll

dbghelp: loaded successfully - version: 4.0.5 - missing functions: none
symbol engine: initialized successfully - sym options: 0x614 - pdb path: .;C:\Program Files\Java\jdk-12.0.2\bin;C:\WINDOWS\SYSTEM32;C:\WINDOWS\WinSxS\amd64_microsoft.windows.common-controls_6595b64144ccf1df_6.0.17763.914_none_05b346b2072102f2;C:\Program Files\Java\jdk-12.0.2\bin\server

VM Arguments:
jvm_args: -ea -Dfile.encoding=Cp1252 
java_command: org.testng.remote.RemoteTestNG -serport 56153 -protocol json -d C:\JavaSE\Materials\TestNG\test-output C:\Users\KRISHN~1\AppData\Local\Temp\testng-eclipse-77852357\testng-customsuite.xml
java_class_path (initial): C:\Users\krishnasivanip\eclipse\java-2019-03\eclipse\configuration\org.eclipse.osgi\828\0\.cp\lib\testng-remote.jar;C:\JavaSE\Materials\TestNG\target\test-classes;C:\JavaSE\Materials\TestNG\target\classes;C:\Users\krishnasivanip\.m2\repository\junit\junit\3.8.1\junit-3.8.1.jar;C:\Users\krishnasivanip\.m2\repository\org\seleniumhq\selenium\selenium-java\3.141.59\selenium-java-3.141.59.jar;C:\Users\krishnasivanip\.m2\repository\org\seleniumhq\selenium\selenium-api\3.141.59\selenium-api-3.141.59.jar;C:\Users\krishnasivanip\.m2\repository\org\seleniumhq\selenium\selenium-chrome-driver\3.141.59\selenium-chrome-driver-3.141.59.jar;C:\Users\krishnasivanip\.m2\repository\org\seleniumhq\selenium\selenium-edge-driver\3.141.59\selenium-edge-driver-3.141.59.jar;C:\Users\krishnasivanip\.m2\repository\org\seleniumhq\selenium\selenium-firefox-driver\3.141.59\selenium-firefox-driver-3.141.59.jar;C:\Users\krishnasivanip\.m2\repository\org\seleniumhq\selenium\selenium-ie-driver\3.141.59\selenium-ie-driver-3.141.59.jar;C:\Users\krishnasivanip\.m2\repository\org\seleniumhq\selenium\selenium-opera-driver\3.141.59\selenium-opera-driver-3.141.59.jar;C:\Users\krishnasivanip\.m2\repository\org\seleniumhq\selenium\selenium-remote-driver\3.141.59\selenium-remote-driver-3.141.59.jar;C:\Users\krishnasivanip\.m2\repository\org\seleniumhq\selenium\selenium-safari-driver\3.141.59\selenium-safari-driver-3.141.59.jar;C:\Users\krishnasivanip\.m2\repository\org\seleniumhq\selenium\selenium-support\3.141.59\selenium-support-3.141.59.jar;C:\Users\krishnasivanip\.m2\repository\net\bytebuddy\byte-buddy\1.8.15\byte-buddy-1.8.15.jar;C:\Users\krishnasivanip\.m2\repository\org\apache\commons\commons-exec\1.3\commons-exec-1.3.jar;C:\Users\krishnasivanip\.m2\repository\com\google\guava\guava\25.0-jre\guava-25.0-jre.jar;C:\Users\krishnasivanip\.m2\repository\com\google\code\findbugs\jsr305\1.3.9\jsr305-1.3.9.jar;C:\Users\krishnasivanip\.m2\repository\org\checkerframework\checker-comp
Launcher Type: SUN_STANDARD

[Global flags]
     intx CICompilerCount                          = 3                                         {product} {ergonomic}
     uint ConcGCThreads                            = 1                                         {product} {ergonomic}
     uint G1ConcRefinementThreads                  = 4                                         {product} {ergonomic}
   size_t G1HeapRegionSize                         = 1048576                                   {product} {ergonomic}
    uintx GCDrainStackTargetSize                   = 64                                        {product} {ergonomic}
   size_t InitialHeapSize                          = 268435456                                 {product} {ergonomic}
   size_t MarkStackSize                            = 4194304                                   {product} {ergonomic}
   size_t MaxHeapSize                              = 4265607168                                {product} {ergonomic}
   size_t MaxNewSize                               = 2558525440                                {product} {ergonomic}
   size_t MinHeapDeltaBytes                        = 1048576                                   {product} {ergonomic}
    uintx NonNMethodCodeHeapSize                   = 5830732                                {pd product} {ergonomic}
    uintx NonProfiledCodeHeapSize                  = 122913754                              {pd product} {ergonomic}
    uintx ProfiledCodeHeapSize                     = 122913754                              {pd product} {ergonomic}
    uintx ReservedCodeCacheSize                    = 251658240                              {pd product} {ergonomic}
     bool SegmentedCodeCache                       = true                                      {product} {ergonomic}
     bool UseCompressedClassPointers               = true                                 {lp64_product} {ergonomic}
     bool UseCompressedOops                        = true                                 {lp64_product} {ergonomic}
     bool UseG1GC                                  = true                                      {product} {ergonomic}
     bool UseLargePagesIndividualAllocation        = false                                  {pd product} {ergonomic}

Logging:
Log output configuration:
 #0: stdout all=warning uptime,level,tags
 #1: stderr all=off uptime,level,tags

Environment Variables:
PATH=C:\Users\krishnasivanip\AppData\Local\Android\Sdk\platform-tools;"C:\Android\android-sdk\platform-tools;C:\Android\android-sdk\tools;";C:\Program Files (x86)\Common Files\Oracle\Java\javapath;C:\Program Files (x86)\Intel\Intel(R) Management Engine Components\iCLS\;C:\Program Files\Intel\Intel(R) Management Engine Components\iCLS\;C:\ProgramData\Oracle\Java\javapath;C:\WINDOWS\system32;C:\WINDOWS;C:\WINDOWS\System32\Wbem;C:\WINDOWS\System32\WindowsPowerShell\v1.0\;C:\Program Files (x86)\Intel\Intel(R) Management Engine Components\DAL;C:\Program Files\Intel\Intel(R) Management Engine Components\DAL;C:\Program Files (x86)\Intel\Intel(R) Management Engine Components\IPT;C:\Program Files\Intel\Intel(R) Management Engine Components\IPT;C:\Program Files\MATLAB\R2017b\runtime\win64;C:\Program Files\MATLAB\R2017b\bin;C:\Program Files (x86)\STMicroelectronics\STM32 ST-LINK Utility\ST-LINK Utility;C:\WINDOWS\System32\OpenSSH\;C:\Program Files (x86)\Windows Live\Shared;C:\Program Files\Intel\WiFi\bin\;C:\Program Files\Common Files\Intel\WirelessCommon\;C:\Program Files (x86)\NVIDIA Corporation\PhysX\Common;C:\Program Files\Microsoft SQL Server\Client SDK\ODBC\170\Tools\Binn\;C:\Program Files\Microsoft SQL Server\Client SDK\ODBC\130\Tools\Binn\;C:\Program Files (x86)\Microsoft SQL Server\140\Tools\Binn\;C:\Program Files\Microsoft SQL Server\140\Tools\Binn\;C:\Program Files\Microsoft SQL Server\140\DTS\Binn\;C:\Program Files (x86)\Microsoft SQL Server\150\DTS\Binn\;C:\Users\krishnasivanip\AppData\Local\Android\Sdk\platform-tools;"C:\Android\android-sdk\platform-tools;C:\Android\android-sdk\tools;";C:\Program Files (x86)\Common Files\Oracle\Java\javapath;C:\Program Files (x86)\Intel\Intel(R) Management Engine Components\iCLS\;C:\Program Files\Intel\Intel(R) Management Engine Components\iCLS\;C:\ProgramData\Oracle\Java\javapath;C:\WINDOWS\system32;C:\WINDOWS;C:\WINDOWS\System32\Wbem;C:\WINDOWS\System32\WindowsPowerShell\v1.0\;C:\Program Files (x86)\Intel\Intel(R) Management Engin
USERNAME=krishnasivanip
OS=Windows_NT
PROCESSOR_IDENTIFIER=Intel64 Family 6 Model 158 Stepping 9, GenuineIntel



---------------  S Y S T E M  ---------------

OS: Windows 10 , 64 bit Build 17763 (10.0.17763.475)

CPU:total 4 (initial active 4) (4 cores per cpu, 1 threads per core) family 6 model 158 stepping 9, cmov, cx8, fxsr, mmx, sse, sse2, sse3, ssse3, sse4.1, sse4.2, popcnt, avx, avx2, aes, clmul, erms, rtm, 3dnowpref, lzcnt, tsc, tscinvbit, bmi1, bmi2, adx, fma

Memory: 4k page, system-wide physical 16265M (4137M free)
TotalPageFile size 20265M (AvailPageFile size 3M)
current process WorkingSet (physical memory assigned to process): 94M, peak: 98M
current process commit charge ("private bytes"): 355M, peak: 359M

vm_info: Java HotSpot(TM) 64-Bit Server VM (12.0.2+10) for windows-amd64 JRE (12.0.2+10), built on Jul 16 2019 01:56:17 by "mach5one" with MS VC++ 15.5 (VS2017)

END.
